<?xml version="1.0" encoding="UTF-8"?>
<testng-results ignored="1" total="2" passed="1" failed="0" skipped="0">
  <reporter-output>
  </reporter-output>
  <suite started-at="2023-12-04T11:32:30 IST" name="Default suite" finished-at="2023-12-04T11:32:30 IST" duration-ms="176">
    <groups>
    </groups>
    <test started-at="2023-12-04T11:32:30 IST" name="Default test" finished-at="2023-12-04T11:32:30 IST" duration-ms="176">
      <class name="package1.Class1Test">
        <test-method signature="method1()[pri:0, instance:package1.Class1Test@b9b00e0]" started-at="2023-12-04T11:32:30 IST" name="method1" finished-at="2023-12-04T11:32:30 IST" duration-ms="23" status="PASS">
          <reporter-output>
          </reporter-output>
        </test-method> <!-- method1 -->
      </class> <!-- package1.Class1Test -->
    </test> <!-- Default test -->
  </suite> <!-- Default suite -->
</testng-results>
