<?xml version="1.0" encoding="UTF-8"?>
<testng-results ignored="0" total="1" passed="1" failed="0" skipped="0">
  <reporter-output>
  </reporter-output>
  <suite started-at="2023-12-04T12:20:33 IST" name="Default suite" finished-at="2023-12-04T12:20:41 IST" duration-ms="7606">
    <groups>
    </groups>
    <test started-at="2023-12-04T12:20:33 IST" name="Default test" finished-at="2023-12-04T12:20:41 IST" duration-ms="7606">
      <class name="package1.LaunchBrowser">
        <test-method signature="launch()[pri:0, instance:package1.LaunchBrowser@48aca48b]" started-at="2023-12-04T12:20:33 IST" name="launch" finished-at="2023-12-04T12:20:41 IST" duration-ms="7518" status="PASS">
          <reporter-output>
          </reporter-output>
        </test-method> <!-- launch -->
      </class> <!-- package1.LaunchBrowser -->
    </test> <!-- Default test -->
  </suite> <!-- Default suite -->
</testng-results>
